<?xml version="1.0" encoding="UTF-8"?>
<!-- Generated by org.testng.reporters.JUnitReportReporter -->
<testsuite hostname="LAPTOP-95QEQFSS" failures="0" tests="1" name="Authentication.getWithBasicAuth" time="3.761" errors="0" timestamp="2022-10-09T23:58:50 IST" skipped="0">
  <testcase classname="Authentication.getWithBasicAuth" name="GetBasicAuth" time="3.761"/>
  <system-out/>
</testsuite> <!-- Authentication.getWithBasicAuth -->
