<?xml version="1.0" encoding="UTF-8"?>
<!-- Generated by org.testng.reporters.JUnitReportReporter -->
<testsuite hostname="LAPTOP-95QEQFSS" failures="0" tests="1" name="Authentication.getWithBearerToken" time="2.892" errors="0" timestamp="2022-10-09T17:06:03 IST" skipped="0">
  <testcase classname="Authentication.getWithBearerToken" name="GetBearerToken" time="2.892"/>
  <system-out/>
</testsuite> <!-- Authentication.getWithBearerToken -->
