<?xml version="1.0" encoding="UTF-8"?>
<!-- Generated by org.testng.reporters.JUnitReportReporter -->
<testsuite hostname="LAPTOP-95QEQFSS" failures="0" tests="1" name="Authentication.PostWithBasicAuth" time="3.649" errors="0" timestamp="2022-10-09T23:59:13 IST" skipped="0">
  <testcase classname="Authentication.PostWithBasicAuth" name="GetBasicAuth" time="3.649"/>
  <system-out/>
</testsuite> <!-- Authentication.PostWithBasicAuth -->
