<?xml version="1.0" encoding="UTF-8"?>
<!-- Generated by org.testng.reporters.JUnitReportReporter -->
<testsuite hostname="LAPTOP-95QEQFSS" failures="0" tests="2" name="requestChaining.Chaining" time="6.422" errors="0" timestamp="2022-10-10T00:09:13 IST" skipped="0">
  <testcase classname="requestChaining.Chaining" name="test01" time="4.354"/>
  <system-out/>
  <testcase classname="requestChaining.Chaining" name="test02" time="2.068"/>
  <system-out/>
</testsuite> <!-- requestChaining.Chaining -->
