<?xml version="1.0" encoding="UTF-8"?>
<!-- Generated by org.testng.reporters.JUnitReportReporter -->
<testsuite hostname="LAPTOP-95QEQFSS" failures="0" tests="1" name="ReqRes.withOutBDD.GetRequest" time="1.322" errors="0" timestamp="2022-10-09T15:52:53 IST" skipped="0">
  <testcase classname="ReqRes.withOutBDD.GetRequest" name="getResource" time="1.322"/>
  <system-out/>
</testsuite> <!-- ReqRes.withOutBDD.GetRequest -->
