<?xml version="1.0" encoding="UTF-8"?>
<!-- Generated by org.testng.reporters.JUnitReportReporter -->
<testsuite hostname="LAPTOP-95QEQFSS" failures="0" tests="1" name="Authentication.PostWithBearerToken" time="13.214" errors="0" timestamp="2022-10-10T23:48:37 IST" skipped="0">
  <testcase classname="Authentication.PostWithBearerToken" name="GetBearerToken" time="13.214"/>
  <system-out/>
</testsuite> <!-- Authentication.PostWithBearerToken -->
