<?xml version="1.0" encoding="UTF-8"?>
<!-- Generated by org.testng.reporters.JUnitReportReporter -->
<testsuite hostname="LAPTOP-95QEQFSS" failures="0" tests="1" name="Authentication.PostWithBearerToken" time="2.961" errors="0" timestamp="2022-10-09T17:04:16 IST" skipped="0">
  <testcase classname="Authentication.PostWithBearerToken" name="GetBearerToken" time="2.961"/>
  <system-out/>
</testsuite> <!-- Authentication.PostWithBearerToken -->
