<?xml version="1.0" encoding="UTF-8"?>
<!-- Generated by org.testng.reporters.JUnitReportReporter -->
<testsuite hostname="LAPTOP-95QEQFSS" failures="0" tests="1" name="ReqRes.withOutBDD.CreateReqWithPOJO" time="2.276" errors="0" timestamp="2022-10-09T18:13:05 IST" skipped="0">
  <testcase classname="ReqRes.withOutBDD.CreateReqWithPOJO" name="createUserUsingStringBody" time="2.276"/>
  <system-out/>
</testsuite> <!-- ReqRes.withOutBDD.CreateReqWithPOJO -->
