<?xml version="1.0" encoding="UTF-8"?>
<!-- Generated by org.testng.reporters.JUnitReportReporter -->
<testsuite hostname="LAPTOP-95QEQFSS" failures="0" tests="1" name="utility.RandomUtils" time="0.009" errors="0" timestamp="2022-10-09T01:14:20 IST" skipped="0">
  <testcase classname="utility.RandomUtils" name="a" time="0.009"/>
  <system-out/>
</testsuite> <!-- utility.RandomUtils -->
