<?xml version="1.0" encoding="UTF-8"?>
<!-- Generated by org.testng.reporters.JUnitReportReporter -->
<testsuite hostname="LAPTOP-95QEQFSS" failures="0" tests="1" name="Authentication.PostWithBasicAuth" time="3.181" errors="0" timestamp="2022-10-09T17:03:31 IST" skipped="0">
  <testcase classname="Authentication.PostWithBasicAuth" name="GetBearerToken" time="3.181"/>
  <system-out/>
</testsuite> <!-- Authentication.PostWithBasicAuth -->
